CRITICAL - 2023-05-12 07:27:10 --> syntax error, unexpected token "}", expecting ";"
in APPPATH\Controllers\Home.php on line 10.
 1 SYSTEMPATH\Router\Router.php(507): CodeIgniter\Router\AutoRouter->getRoute('home')
 2 SYSTEMPATH\Router\Router.php(206): CodeIgniter\Router\Router->autoRoute('home')
 3 SYSTEMPATH\CodeIgniter.php(815): CodeIgniter\Router\Router->handle('home')
 4 SYSTEMPATH\CodeIgniter.php(449): CodeIgniter\CodeIgniter->tryToRouteIt(Object(CodeIgniter\Router\RouteCollection))
 5 SYSTEMPATH\CodeIgniter.php(368): CodeIgniter\CodeIgniter->handleRequest(null, Object(Config\Cache), false)
 6 FCPATH\index.php(67): CodeIgniter\CodeIgniter->run()
 7 SYSTEMPATH\Commands\Server\rewrite.php(47): require_once('C:\\xampp\\htdocs\\lab11_php_ci\\ci4\\public\\index.php')
CRITICAL - 2023-05-12 09:30:57 --> syntax error, unexpected token "}", expecting ";"
in APPPATH\Controllers\page.php on line 33.
 1 SYSTEMPATH\Autoloader\Autoloader.php(289): CodeIgniter\Autoloader\Autoloader->includeFile('C:\\xampp\\htdocs\\lab11_php_ci\\ci4\\app\\Controllers\\page.php')
 2 SYSTEMPATH\Autoloader\Autoloader.php(267): CodeIgniter\Autoloader\Autoloader->loadInNamespace('App\\Controllers\\page')
 3 [internal function]: CodeIgniter\Autoloader\Autoloader->loadClass('App\\Controllers\\page')
 4 SYSTEMPATH\CodeIgniter.php(892): class_exists('\\App\\Controllers\\page', true)
 5 SYSTEMPATH\CodeIgniter.php(486): CodeIgniter\CodeIgniter->startController()
 6 SYSTEMPATH\CodeIgniter.php(368): CodeIgniter\CodeIgniter->handleRequest(null, Object(Config\Cache), false)
 7 FCPATH\index.php(67): CodeIgniter\CodeIgniter->run()
 8 SYSTEMPATH\Commands\Server\rewrite.php(47): require_once('C:\\xampp\\htdocs\\lab11_php_ci\\ci4\\public\\index.php')
CRITICAL - 2023-05-12 09:31:12 --> Undefined variable $title
in APPPATH\Views\template\header.php on line 5.
 1 APPPATH\Views\template\header.php(5): CodeIgniter\Debug\Exceptions->errorHandler(2, 'Undefined variable $title', 'C:\\xampp\\htdocs\\lab11_php_ci\\ci4\\app\\Views\\template\\header.php', 5)
 2 SYSTEMPATH\View\View.php(213): include('C:\\xampp\\htdocs\\lab11_php_ci\\ci4\\app\\Views\\template\\header.php')
 3 SYSTEMPATH\View\View.php(216): CodeIgniter\View\View->CodeIgniter\View\{closure}()
 4 SYSTEMPATH\View\View.php(431): CodeIgniter\View\View->render('template/header', null, true)
 5 APPPATH\Views\artikel.php(1): CodeIgniter\View\View->include('template/header')
 6 SYSTEMPATH\View\View.php(213): include('C:\\xampp\\htdocs\\lab11_php_ci\\ci4\\app\\Views\\artikel.php')
 7 SYSTEMPATH\View\View.php(216): CodeIgniter\View\View->CodeIgniter\View\{closure}()
 8 SYSTEMPATH\Common.php(1184): CodeIgniter\View\View->render('artikel', [], true)
 9 APPPATH\Controllers\page.php(32): view('artikel')
10 SYSTEMPATH\CodeIgniter.php(934): App\Controllers\page->artikel()
11 SYSTEMPATH\CodeIgniter.php(499): CodeIgniter\CodeIgniter->runController(Object(App\Controllers\page))
12 SYSTEMPATH\CodeIgniter.php(368): CodeIgniter\CodeIgniter->handleRequest(null, Object(Config\Cache), false)
13 FCPATH\index.php(67): CodeIgniter\CodeIgniter->run()
14 SYSTEMPATH\Commands\Server\rewrite.php(47): require_once('C:\\xampp\\htdocs\\lab11_php_ci\\ci4\\public\\index.php')
CRITICAL - 2023-05-12 09:32:17 --> Undefined variable $title
in APPPATH\Views\template\header.php on line 5.
 1 APPPATH\Views\template\header.php(5): CodeIgniter\Debug\Exceptions->errorHandler(2, 'Undefined variable $title', 'C:\\xampp\\htdocs\\lab11_php_ci\\ci4\\app\\Views\\template\\header.php', 5)
 2 SYSTEMPATH\View\View.php(213): include('C:\\xampp\\htdocs\\lab11_php_ci\\ci4\\app\\Views\\template\\header.php')
 3 SYSTEMPATH\View\View.php(216): CodeIgniter\View\View->CodeIgniter\View\{closure}()
 4 SYSTEMPATH\View\View.php(431): CodeIgniter\View\View->render('template/header', null, true)
 5 APPPATH\Views\artikel.php(1): CodeIgniter\View\View->include('template/header')
 6 SYSTEMPATH\View\View.php(213): include('C:\\xampp\\htdocs\\lab11_php_ci\\ci4\\app\\Views\\artikel.php')
 7 SYSTEMPATH\View\View.php(216): CodeIgniter\View\View->CodeIgniter\View\{closure}()
 8 SYSTEMPATH\Common.php(1184): CodeIgniter\View\View->render('artikel', [], true)
 9 APPPATH\Controllers\page.php(32): view('artikel')
10 SYSTEMPATH\CodeIgniter.php(934): App\Controllers\page->artikel()
11 SYSTEMPATH\CodeIgniter.php(499): CodeIgniter\CodeIgniter->runController(Object(App\Controllers\page))
12 SYSTEMPATH\CodeIgniter.php(368): CodeIgniter\CodeIgniter->handleRequest(null, Object(Config\Cache), false)
13 FCPATH\index.php(67): CodeIgniter\CodeIgniter->run()
14 SYSTEMPATH\Commands\Server\rewrite.php(47): require_once('C:\\xampp\\htdocs\\lab11_php_ci\\ci4\\public\\index.php')
CRITICAL - 2023-05-12 09:32:18 --> Undefined variable $title
in APPPATH\Views\template\header.php on line 5.
 1 APPPATH\Views\template\header.php(5): CodeIgniter\Debug\Exceptions->errorHandler(2, 'Undefined variable $title', 'C:\\xampp\\htdocs\\lab11_php_ci\\ci4\\app\\Views\\template\\header.php', 5)
 2 SYSTEMPATH\View\View.php(213): include('C:\\xampp\\htdocs\\lab11_php_ci\\ci4\\app\\Views\\template\\header.php')
 3 SYSTEMPATH\View\View.php(216): CodeIgniter\View\View->CodeIgniter\View\{closure}()
 4 SYSTEMPATH\View\View.php(431): CodeIgniter\View\View->render('template/header', null, true)
 5 APPPATH\Views\artikel.php(1): CodeIgniter\View\View->include('template/header')
 6 SYSTEMPATH\View\View.php(213): include('C:\\xampp\\htdocs\\lab11_php_ci\\ci4\\app\\Views\\artikel.php')
 7 SYSTEMPATH\View\View.php(216): CodeIgniter\View\View->CodeIgniter\View\{closure}()
 8 SYSTEMPATH\Common.php(1184): CodeIgniter\View\View->render('artikel', [], true)
 9 APPPATH\Controllers\page.php(32): view('artikel')
10 SYSTEMPATH\CodeIgniter.php(934): App\Controllers\page->artikel()
11 SYSTEMPATH\CodeIgniter.php(499): CodeIgniter\CodeIgniter->runController(Object(App\Controllers\page))
12 SYSTEMPATH\CodeIgniter.php(368): CodeIgniter\CodeIgniter->handleRequest(null, Object(Config\Cache), false)
13 FCPATH\index.php(67): CodeIgniter\CodeIgniter->run()
14 SYSTEMPATH\Commands\Server\rewrite.php(47): require_once('C:\\xampp\\htdocs\\lab11_php_ci\\ci4\\public\\index.php')
CRITICAL - 2023-05-12 09:32:33 --> Undefined variable $title
in APPPATH\Views\template\header.php on line 5.
 1 APPPATH\Views\template\header.php(5): CodeIgniter\Debug\Exceptions->errorHandler(2, 'Undefined variable $title', 'C:\\xampp\\htdocs\\lab11_php_ci\\ci4\\app\\Views\\template\\header.php', 5)
 2 SYSTEMPATH\View\View.php(213): include('C:\\xampp\\htdocs\\lab11_php_ci\\ci4\\app\\Views\\template\\header.php')
 3 SYSTEMPATH\View\View.php(216): CodeIgniter\View\View->CodeIgniter\View\{closure}()
 4 SYSTEMPATH\View\View.php(431): CodeIgniter\View\View->render('template/header', null, true)
 5 APPPATH\Views\artikel.php(1): CodeIgniter\View\View->include('template/header')
 6 SYSTEMPATH\View\View.php(213): include('C:\\xampp\\htdocs\\lab11_php_ci\\ci4\\app\\Views\\artikel.php')
 7 SYSTEMPATH\View\View.php(216): CodeIgniter\View\View->CodeIgniter\View\{closure}()
 8 SYSTEMPATH\Common.php(1184): CodeIgniter\View\View->render('artikel', [], true)
 9 APPPATH\Controllers\page.php(32): view('artikel')
10 SYSTEMPATH\CodeIgniter.php(934): App\Controllers\page->artikel()
11 SYSTEMPATH\CodeIgniter.php(499): CodeIgniter\CodeIgniter->runController(Object(App\Controllers\page))
12 SYSTEMPATH\CodeIgniter.php(368): CodeIgniter\CodeIgniter->handleRequest(null, Object(Config\Cache), false)
13 FCPATH\index.php(67): CodeIgniter\CodeIgniter->run()
14 SYSTEMPATH\Commands\Server\rewrite.php(47): require_once('C:\\xampp\\htdocs\\lab11_php_ci\\ci4\\public\\index.php')
CRITICAL - 2023-05-12 09:32:38 --> Undefined variable $title
in APPPATH\Views\template\header.php on line 5.
 1 APPPATH\Views\template\header.php(5): CodeIgniter\Debug\Exceptions->errorHandler(2, 'Undefined variable $title', 'C:\\xampp\\htdocs\\lab11_php_ci\\ci4\\app\\Views\\template\\header.php', 5)
 2 SYSTEMPATH\View\View.php(213): include('C:\\xampp\\htdocs\\lab11_php_ci\\ci4\\app\\Views\\template\\header.php')
 3 SYSTEMPATH\View\View.php(216): CodeIgniter\View\View->CodeIgniter\View\{closure}()
 4 SYSTEMPATH\View\View.php(431): CodeIgniter\View\View->render('template/header', null, true)
 5 APPPATH\Views\artikel.php(1): CodeIgniter\View\View->include('template/header')
 6 SYSTEMPATH\View\View.php(213): include('C:\\xampp\\htdocs\\lab11_php_ci\\ci4\\app\\Views\\artikel.php')
 7 SYSTEMPATH\View\View.php(216): CodeIgniter\View\View->CodeIgniter\View\{closure}()
 8 SYSTEMPATH\Common.php(1184): CodeIgniter\View\View->render('artikel', [], true)
 9 APPPATH\Controllers\page.php(32): view('artikel')
10 SYSTEMPATH\CodeIgniter.php(934): App\Controllers\page->artikel()
11 SYSTEMPATH\CodeIgniter.php(499): CodeIgniter\CodeIgniter->runController(Object(App\Controllers\page))
12 SYSTEMPATH\CodeIgniter.php(368): CodeIgniter\CodeIgniter->handleRequest(null, Object(Config\Cache), false)
13 FCPATH\index.php(67): CodeIgniter\CodeIgniter->run()
14 SYSTEMPATH\Commands\Server\rewrite.php(47): require_once('C:\\xampp\\htdocs\\lab11_php_ci\\ci4\\public\\index.php')
CRITICAL - 2023-05-12 09:33:36 --> Undefined variable $title
in APPPATH\Views\template\header.php on line 6.
 1 APPPATH\Views\template\header.php(6): CodeIgniter\Debug\Exceptions->errorHandler(2, 'Undefined variable $title', 'C:\\xampp\\htdocs\\lab11_php_ci\\ci4\\app\\Views\\template\\header.php', 6)
 2 SYSTEMPATH\View\View.php(213): include('C:\\xampp\\htdocs\\lab11_php_ci\\ci4\\app\\Views\\template\\header.php')
 3 SYSTEMPATH\View\View.php(216): CodeIgniter\View\View->CodeIgniter\View\{closure}()
 4 SYSTEMPATH\View\View.php(431): CodeIgniter\View\View->render('template/header', null, true)
 5 APPPATH\Views\artikel.php(1): CodeIgniter\View\View->include('template/header')
 6 SYSTEMPATH\View\View.php(213): include('C:\\xampp\\htdocs\\lab11_php_ci\\ci4\\app\\Views\\artikel.php')
 7 SYSTEMPATH\View\View.php(216): CodeIgniter\View\View->CodeIgniter\View\{closure}()
 8 SYSTEMPATH\Common.php(1184): CodeIgniter\View\View->render('artikel', [], true)
 9 APPPATH\Controllers\page.php(32): view('artikel')
10 SYSTEMPATH\CodeIgniter.php(934): App\Controllers\page->artikel()
11 SYSTEMPATH\CodeIgniter.php(499): CodeIgniter\CodeIgniter->runController(Object(App\Controllers\page))
12 SYSTEMPATH\CodeIgniter.php(368): CodeIgniter\CodeIgniter->handleRequest(null, Object(Config\Cache), false)
13 FCPATH\index.php(67): CodeIgniter\CodeIgniter->run()
14 SYSTEMPATH\Commands\Server\rewrite.php(47): require_once('C:\\xampp\\htdocs\\lab11_php_ci\\ci4\\public\\index.php')
CRITICAL - 2023-05-12 09:36:29 --> Undefined variable $title
in APPPATH\Views\template\header.php on line 6.
 1 APPPATH\Views\template\header.php(6): CodeIgniter\Debug\Exceptions->errorHandler(2, 'Undefined variable $title', 'C:\\xampp\\htdocs\\lab11_php_ci\\ci4\\app\\Views\\template\\header.php', 6)
 2 SYSTEMPATH\View\View.php(213): include('C:\\xampp\\htdocs\\lab11_php_ci\\ci4\\app\\Views\\template\\header.php')
 3 SYSTEMPATH\View\View.php(216): CodeIgniter\View\View->CodeIgniter\View\{closure}()
 4 SYSTEMPATH\View\View.php(431): CodeIgniter\View\View->render('template/header', null, true)
 5 APPPATH\Views\artikel.php(1): CodeIgniter\View\View->include('template/header')
 6 SYSTEMPATH\View\View.php(213): include('C:\\xampp\\htdocs\\lab11_php_ci\\ci4\\app\\Views\\artikel.php')
 7 SYSTEMPATH\View\View.php(216): CodeIgniter\View\View->CodeIgniter\View\{closure}()
 8 SYSTEMPATH\Common.php(1184): CodeIgniter\View\View->render('artikel', [], true)
 9 APPPATH\Controllers\page.php(32): view('artikel')
10 SYSTEMPATH\CodeIgniter.php(934): App\Controllers\page->artikel()
11 SYSTEMPATH\CodeIgniter.php(499): CodeIgniter\CodeIgniter->runController(Object(App\Controllers\page))
12 SYSTEMPATH\CodeIgniter.php(368): CodeIgniter\CodeIgniter->handleRequest(null, Object(Config\Cache), false)
13 FCPATH\index.php(67): CodeIgniter\CodeIgniter->run()
14 SYSTEMPATH\Commands\Server\rewrite.php(47): require_once('C:\\xampp\\htdocs\\lab11_php_ci\\ci4\\public\\index.php')
CRITICAL - 2023-05-12 09:37:20 --> Invalid file: "tamplate/header.php"
in SYSTEMPATH\Exceptions\FrameworkException.php on line 33.
 1 SYSTEMPATH\View\View.php(201): CodeIgniter\Exceptions\FrameworkException::forInvalidFile('tamplate/header.php')
 2 SYSTEMPATH\View\View.php(431): CodeIgniter\View\View->render('tamplate/header', null, true)
 3 APPPATH\Views\artikel.php(1): CodeIgniter\View\View->include('tamplate/header')
 4 SYSTEMPATH\View\View.php(213): include('C:\\xampp\\htdocs\\lab11_php_ci\\ci4\\app\\Views\\artikel.php')
 5 SYSTEMPATH\View\View.php(216): CodeIgniter\View\View->CodeIgniter\View\{closure}()
 6 SYSTEMPATH\Common.php(1184): CodeIgniter\View\View->render('artikel', [], true)
 7 APPPATH\Controllers\page.php(32): view('artikel')
 8 SYSTEMPATH\CodeIgniter.php(934): App\Controllers\page->artikel()
 9 SYSTEMPATH\CodeIgniter.php(499): CodeIgniter\CodeIgniter->runController(Object(App\Controllers\page))
10 SYSTEMPATH\CodeIgniter.php(368): CodeIgniter\CodeIgniter->handleRequest(null, Object(Config\Cache), false)
11 FCPATH\index.php(67): CodeIgniter\CodeIgniter->run()
12 SYSTEMPATH\Commands\Server\rewrite.php(47): require_once('C:\\xampp\\htdocs\\lab11_php_ci\\ci4\\public\\index.php')
CRITICAL - 2023-05-12 09:37:56 --> Undefined variable $title
in APPPATH\Views\template\header.php on line 6.
 1 APPPATH\Views\template\header.php(6): CodeIgniter\Debug\Exceptions->errorHandler(2, 'Undefined variable $title', 'C:\\xampp\\htdocs\\lab11_php_ci\\ci4\\app\\Views\\template\\header.php', 6)
 2 SYSTEMPATH\View\View.php(213): include('C:\\xampp\\htdocs\\lab11_php_ci\\ci4\\app\\Views\\template\\header.php')
 3 SYSTEMPATH\View\View.php(216): CodeIgniter\View\View->CodeIgniter\View\{closure}()
 4 SYSTEMPATH\View\View.php(431): CodeIgniter\View\View->render('template/header', null, true)
 5 APPPATH\Views\artikel.php(1): CodeIgniter\View\View->include('template/header')
 6 SYSTEMPATH\View\View.php(213): include('C:\\xampp\\htdocs\\lab11_php_ci\\ci4\\app\\Views\\artikel.php')
 7 SYSTEMPATH\View\View.php(216): CodeIgniter\View\View->CodeIgniter\View\{closure}()
 8 SYSTEMPATH\Common.php(1184): CodeIgniter\View\View->render('artikel', [], true)
 9 APPPATH\Controllers\page.php(32): view('artikel')
10 SYSTEMPATH\CodeIgniter.php(934): App\Controllers\page->artikel()
11 SYSTEMPATH\CodeIgniter.php(499): CodeIgniter\CodeIgniter->runController(Object(App\Controllers\page))
12 SYSTEMPATH\CodeIgniter.php(368): CodeIgniter\CodeIgniter->handleRequest(null, Object(Config\Cache), false)
13 FCPATH\index.php(67): CodeIgniter\CodeIgniter->run()
14 SYSTEMPATH\Commands\Server\rewrite.php(47): require_once('C:\\xampp\\htdocs\\lab11_php_ci\\ci4\\public\\index.php')
